This is pdfTeX, Version 3.14159265-2.6-1.40.21 (TeX Live 2020/Debian) (preloaded format=pdflatex 2021.12.18)  18 DEC 2021 01:56
entering extended mode
 restricted \write18 enabled.
 file:line:error style messages enabled.
 %&-line parsing enabled.
**/home/jmt/repos/CV_Latex/cv_sin_foto_2022/sections/certificados.tex
(/home/jmt/repos/CV_Latex/cv_sin_foto_2022/sections/certificados.tex
LaTeX2e <2020-10-01> patch level 4
L3 programming layer <2021-01-09> xparse <2020-03-03>
/home/jmt/repos/CV_Latex/cv_sin_foto_2022/sections/certificados.tex:2: Undefined control sequence.
l.2 \skills
           {7mo Ciclo - Ingeniería de Sistemas}, \textit{Universidad Nacion...
The control sequence at the end of the top line
of your error message was never \def'ed. If you have
misspelled it (e.g., `\hobx'), type `I' and the correct
spelling (e.g., `I\hbox'). Otherwise just continue,
and I'll forget about whatever was undefined.


/home/jmt/repos/CV_Latex/cv_sin_foto_2022/sections/certificados.tex:2: LaTeX Error: Missing \begin{document}.

See the LaTeX manual or LaTeX Companion for explanation.
Type  H <return>  for immediate help.
 ...                                              
                                                  
l.2 \skills{7
             mo Ciclo - Ingeniería de Sistemas}, \textit{Universidad Nacion...
You're in trouble here.  Try typing  <return>  to proceed.
If that doesn't work, type  X <return>  to quit.

Missing character: There is no 7 in font nullfont!
Missing character: There is no m in font nullfont!
Missing character: There is no o in font nullfont!
Missing character: There is no C in font nullfont!
Missing character: There is no i in font nullfont!
Missing character: There is no c in font nullfont!
Missing character: There is no l in font nullfont!
Missing character: There is no o in font nullfont!
Missing character: There is no - in font nullfont!
Missing character: There is no I in font nullfont!
Missing character: There is no n in font nullfont!
Missing character: There is no g in font nullfont!
Missing character: There is no e in font nullfont!
Missing character: There is no n in font nullfont!
Missing character: There is no i in font nullfont!
Missing character: There is no e in font nullfont!
Missing character: There is no r in font nullfont!
LaTeX Font Info:    Trying to load font information for +cmr on input line 2.
LaTeX Font Info:    No file cmr.fd. on input line 2.

LaTeX Font Warning: Font shape `/cmr/m/n' undefined
(Font)              using `/cmr/m/n' instead on input line 2.

/home/jmt/repos/CV_Latex/cv_sin_foto_2022/sections/certificados.tex:2: Corrupted NFSS tables.
wrong@fontshape ...message {Corrupted NFSS tables}
                                                  error@fontshape else let f...
l.2 \skills{7mo Ciclo - Ingenierí
                                  a de Sistemas}, \textit{Universidad Nacion...
This error message was generated by an \errmessage
command, so I can't give any explicit help.
Pretend that you're Hercule Poirot: Examine all clues,
and deduce the truth by order and method.


LaTeX Font Warning: Font shape `/cmr/m/n' undefined
(Font)              using `OT1/cmr/m/n' instead on input line 2.

Missing character: There is no a in font nullfont!
Missing character: There is no d in font nullfont!
Missing character: There is no e in font nullfont!
Missing character: There is no S in font nullfont!
Missing character: There is no i in font nullfont!
Missing character: There is no s in font nullfont!
Missing character: There is no t in font nullfont!
Missing character: There is no e in font nullfont!
Missing character: There is no m in font nullfont!
Missing character: There is no a in font nullfont!
Missing character: There is no s in font nullfont!
Missing character: There is no , in font nullfont!
Missing character: There is no 0 in font nullfont!
Missing character: There is no 8 in font nullfont!
Missing character: There is no / in font nullfont!
Missing character: There is no 2 in font nullfont!
Missing character: There is no 0 in font nullfont!
Missing character: There is no 1 in font nullfont!
Missing character: There is no 8 in font nullfont!
Missing character: There is no - in font nullfont!
Missing character: There is no - in font nullfont!
Missing character: There is no - in font nullfont!
Missing character: There is no P in font nullfont!
Missing character: There is no r in font nullfont!
Missing character: There is no e in font nullfont!
Missing character: There is no s in font nullfont!
Missing character: There is no e in font nullfont!
Missing character: There is no n in font nullfont!
Missing character: There is no t in font nullfont!
Missing character: There is no e in font nullfont!

Overfull \hbox (20.0pt too wide) in paragraph at lines 2--3
[]
 []


Overfull \hbox (7.7778pt too wide) in paragraph at lines 2--3
\/cmr/m/n/10 ^^S^^P
 []


Overfull \hbox (19.69987pt too wide) in paragraph at lines 2--3
\OT1/cmr/m/it/10 Uni-
 []


Overfull \hbox (16.9943pt too wide) in paragraph at lines 2--3
\OT1/cmr/m/it/10 ver-
 []


Overfull \hbox (10.73326pt too wide) in paragraph at lines 2--3
\OT1/cmr/m/it/10 si-
 []


Overfull \hbox (15.33325pt too wide) in paragraph at lines 2--3
\OT1/cmr/m/it/10 dad
 []


Overfull \hbox (16.12212pt too wide) in paragraph at lines 2--3
\OT1/cmr/m/it/10 Na-
 []


Overfull \hbox (26.06651pt too wide) in paragraph at lines 2--3
\OT1/cmr/m/it/10 cional
 []


Overfull \hbox (9.71104pt too wide) in paragraph at lines 2--3
\OT1/cmr/m/it/10 de
 []


Overfull \hbox (13.05547pt too wide) in paragraph at lines 2--3
\OT1/cmr/m/it/10 In-
 []


Overfull \hbox (12.77766pt too wide) in paragraph at lines 2--3
\OT1/cmr/m/it/10 ge-
 []


Overfull \hbox (25.68317pt too wide) in paragraph at lines 2--3
\OT1/cmr/m/it/10 nier^^S^^Pa
 []

)
! Emergency stop.
<*> .../cv_sin_foto_2022/sections/certificados.tex
                                                  
*** (job aborted, no legal \end found)

 
Here is how much of TeX's memory you used:
 31 strings out of 479304
 711 string characters out of 5869778
 271123 words of memory out of 5000000
 17320 multiletter control sequences out of 15000+600000
 403776 words of font info for 28 fonts, out of 8000000 for 9000
 1141 hyphenation exceptions out of 8191
 36i,1n,42p,220b,91s stack positions out of 5000i,500n,10000p,200000b,80000s
!  ==> Fatal error occurred, no output PDF file produced!
